2024-12-03 12:05:08 INFO  Utils:112 - [TestNG] Running:
  C:\Users\dell\eclipse-workspace\OpencartV121\gridbrowser.xml

2024-12-03 12:05:10 INFO  TC001_AccountRegistration:20 - ****** Account Registration Starts...*******
2024-12-03 12:05:10 ERROR TC001_AccountRegistration:56 - test failedCannot invoke "org.openqa.selenium.SearchContext.findElement(org.openqa.selenium.By)" because "this.searchContext" is null
2024-12-03 12:05:10 INFO  TC001_AccountRegistration:61 - *******Account Registration finished...******
2024-12-03 12:07:24 INFO  Utils:112 - [TestNG] Running:
  C:\Users\dell\eclipse-workspace\OpencartV121\gridbrowser.xml

2024-12-03 12:16:45 INFO  Utils:112 - [TestNG] Running:
  C:\Users\dell\eclipse-workspace\OpencartV121\master.xml

2024-12-03 12:17:01 INFO  TC001_AccountRegistration:20 - ****** Account Registration Starts...*******
2024-12-03 12:17:03 INFO  TC001_AccountRegistration:27 - My account link clicked....
2024-12-03 12:17:05 INFO  TC001_AccountRegistration:30 - Account Registration Page opened...
2024-12-03 12:17:05 INFO  TC001_AccountRegistration:34 - Providing customer info....
2024-12-03 12:17:09 INFO  TC001_AccountRegistration:49 - Validating confirmation msg...
2024-12-03 12:17:10 INFO  TC001_AccountRegistration:53 - Test Passed...
2024-12-03 12:17:10 INFO  TC001_AccountRegistration:61 - *******Account Registration finished...******
2024-12-03 12:17:13 INFO  TC002_LoginTest:19 - ****** Starting TC002_LoginTest*******
2024-12-03 12:17:16 INFO  TC002_LoginTest:41 - ******Finished TC002_LoginTest*******
2024-12-03 19:38:28 INFO  TC001_AccountRegistration:20 - ****** Account Registration Starts...*******
2024-12-03 19:38:28 INFO  TC001_AccountRegistration:27 - My account link clicked....
2024-12-03 19:38:29 INFO  TC001_AccountRegistration:30 - Account Registration Page opened...
2024-12-03 19:38:29 INFO  TC001_AccountRegistration:34 - Providing customer info....
2024-12-03 19:38:33 INFO  TC001_AccountRegistration:49 - Validating confirmation msg...
2024-12-03 19:38:34 INFO  TC001_AccountRegistration:53 - Test Passed...
2024-12-03 19:38:34 INFO  TC001_AccountRegistration:61 - *******Account Registration finished...******
2024-12-03 19:38:36 INFO  TC002_LoginTest:19 - ****** Starting TC002_LoginTest*******
2024-12-03 19:38:39 INFO  TC002_LoginTest:41 - ******Finished TC002_LoginTest*******
2024-12-03 20:32:40 INFO  TC001_AccountRegistration:20 - ****** Account Registration Starts...*******
2024-12-03 20:32:41 INFO  TC001_AccountRegistration:27 - My account link clicked....
2024-12-03 20:32:42 INFO  TC001_AccountRegistration:30 - Account Registration Page opened...
2024-12-03 20:32:42 INFO  TC001_AccountRegistration:34 - Providing customer info....
2024-12-03 20:32:46 INFO  TC001_AccountRegistration:49 - Validating confirmation msg...
2024-12-03 20:32:46 INFO  TC001_AccountRegistration:53 - Test Passed...
2024-12-03 20:32:46 INFO  TC001_AccountRegistration:61 - *******Account Registration finished...******
2024-12-03 20:32:49 INFO  TC002_LoginTest:19 - ****** Starting TC002_LoginTest*******
2024-12-03 20:32:53 INFO  TC002_LoginTest:41 - ******Finished TC002_LoginTest*******
2024-12-03 20:52:05 INFO  TC001_AccountRegistration:20 - ****** Account Registration Starts...*******
2024-12-03 20:52:05 INFO  TC001_AccountRegistration:27 - My account link clicked....
2024-12-03 20:52:06 INFO  TC001_AccountRegistration:30 - Account Registration Page opened...
2024-12-03 20:52:06 INFO  TC001_AccountRegistration:34 - Providing customer info....
2024-12-03 20:52:09 INFO  TC001_AccountRegistration:49 - Validating confirmation msg...
2024-12-03 20:52:09 INFO  TC001_AccountRegistration:53 - Test Passed...
2024-12-03 20:52:09 INFO  TC001_AccountRegistration:61 - *******Account Registration finished...******
2024-12-03 20:52:12 INFO  TC002_LoginTest:19 - ****** Starting TC002_LoginTest*******
2024-12-03 20:52:15 INFO  TC002_LoginTest:41 - ******Finished TC002_LoginTest*******
